Checking whether the CUDA compiler is NVIDIA using "" did not match "nvcc: NVIDIA \(R\) Cuda compiler driver":
Checking whether the CUDA compiler is Clang using "" did not match "(clang version)":
Compiling the CUDA compiler identification source file "CMakeCUDACompilerId.cu" failed.
Compiler: /usr/local/cuda-11.8/bin/nvcc 
Build flags: 
Id flags:  -v

The output was:
No such file or directory


Checking whether the CUDA compiler is NVIDIA using "" did not match "nvcc: NVIDIA \(R\) Cuda compiler driver":
Checking whether the CUDA compiler is Clang using "" did not match "(clang version)":
Compiling the CUDA compiler identification source file "CMakeCUDACompilerId.cu" failed.
Compiler: /usr/local/cuda-11.8/bin/nvcc 
Build flags: 
Id flags:  -v

The output was:
No such file or directory


Checking whether the CUDA compiler is NVIDIA using "" did not match "nvcc: NVIDIA \(R\) Cuda compiler driver":
Checking whether the CUDA compiler is Clang using "" did not match "(clang version)":
Compiling the CUDA compiler identification source file "CMakeCUDACompilerId.cu" failed.
Compiler: /usr/local/cuda-11.8/bin/nvcc 
Build flags: 
Id flags:  -v

The output was:
No such file or directory


Checking whether the CUDA compiler is NVIDIA using "" did not match "nvcc: NVIDIA \(R\) Cuda compiler driver":
Checking whether the CUDA compiler is Clang using "" did not match "(clang version)":
Compiling the CUDA compiler identification source file "CMakeCUDACompilerId.cu" failed.
Compiler: /usr/local/cuda-11.8/bin/nvcc 
Build flags: 
Id flags:  -v

The output was:
No such file or directory


Checking whether the CUDA compiler is NVIDIA using "" did not match "nvcc: NVIDIA \(R\) Cuda compiler driver":
Checking whether the CUDA compiler is Clang using "" did not match "(clang version)":
Compiling the CUDA compiler identification source file "CMakeCUDACompilerId.cu" failed.
Compiler: /usr/local/cuda-11.8/bin/nvcc 
Build flags: 
Id flags:  -v

The output was:
No such file or directory


Checking whether the CUDA compiler is NVIDIA using "" did not match "nvcc: NVIDIA \(R\) Cuda compiler driver":
Checking whether the CUDA compiler is Clang using "" did not match "(clang version)":
Compiling the CUDA compiler identification source file "CMakeCUDACompilerId.cu" failed.
Compiler: /usr/local/cuda-11.8/bin/nvcc 
Build flags: 
Id flags:  -v

The output was:
No such file or directory


Checking whether the CUDA compiler is NVIDIA using "" did not match "nvcc: NVIDIA \(R\) Cuda compiler driver":
Checking whether the CUDA compiler is Clang using "" did not match "(clang version)":
Compiling the CUDA compiler identification source file "CMakeCUDACompilerId.cu" failed.
Compiler: /usr/local/cuda-11.8/bin/nvcc 
Build flags: 
Id flags:  -v

The output was:
No such file or directory


Checking whether the CUDA compiler is NVIDIA using "" did not match "nvcc: NVIDIA \(R\) Cuda compiler driver":
Checking whether the CUDA compiler is Clang using "" did not match "(clang version)":
Compiling the CUDA compiler identification source file "CMakeCUDACompilerId.cu" failed.
Compiler: /usr/local/cuda-11.8/bin/nvcc 
Build flags: 
Id flags:  -v

The output was:
No such file or directory


Checking whether the CUDA compiler is NVIDIA using "" did not match "nvcc: NVIDIA \(R\) Cuda compiler driver":
Checking whether the CUDA compiler is Clang using "" did not match "(clang version)":
Compiling the CUDA compiler identification source file "CMakeCUDACompilerId.cu" failed.
Compiler: /usr/local/cuda-11.8/bin/nvcc 
Build flags: 
Id flags:  -v

The output was:
No such file or directory


Checking whether the CUDA compiler is NVIDIA using "" did not match "nvcc: NVIDIA \(R\) Cuda compiler driver":
Checking whether the CUDA compiler is Clang using "" did not match "(clang version)":
Compiling the CUDA compiler identification source file "CMakeCUDACompilerId.cu" failed.
Compiler: /usr/local/cuda-11.8/bin/nvcc 
Build flags: 
Id flags:  -v

The output was:
No such file or directory


Checking whether the CUDA compiler is NVIDIA using "" did not match "nvcc: NVIDIA \(R\) Cuda compiler driver":
Checking whether the CUDA compiler is Clang using "" did not match "(clang version)":
Compiling the CUDA compiler identification source file "CMakeCUDACompilerId.cu" failed.
Compiler: /usr/local/cuda-11.8/bin/nvcc 
Build flags: 
Id flags:  -v

The output was:
No such file or directory


Compiling the CUDA compiler identification source file "CMakeCUDACompilerId.cu" failed.
Compiler: /usr/local/cuda-10.2/bin/nvcc 
Build flags: 
Id flags: --keep;--keep-dir;tmp;-gencode=arch=compute_60,code=sm_60;-gencode=arch=compute_61,code=sm_61;-gencode=arch=compute_62,code=sm_62;-gencode=arch=compute_70,code=sm_70;-gencode=arch=compute_72,code=sm_72;-gencode=arch=compute_75,code=sm_75;-gencode=arch=compute_86,code=sm_86 -v

The output was:
1
nvcc fatal   : Unsupported gpu architecture 'compute_86'


Compiling the CUDA compiler identification source file "CMakeCUDACompilerId.cu" failed.
Compiler: /usr/local/cuda-10.2/bin/nvcc 
Build flags: 
Id flags: --keep;--keep-dir;tmp;-gencode=arch=compute_60,code=sm_60;-gencode=arch=compute_61,code=sm_61;-gencode=arch=compute_62,code=sm_62;-gencode=arch=compute_70,code=sm_70;-gencode=arch=compute_72,code=sm_72;-gencode=arch=compute_75,code=sm_75;-gencode=arch=compute_86,code=sm_86 -v

The output was:
1
nvcc fatal   : Unsupported gpu architecture 'compute_86'


Compiling the CUDA compiler identification source file "CMakeCUDACompilerId.cu" failed.
Compiler: /usr/local/cuda-10.2/bin/nvcc 
Build flags: 
Id flags: --keep;--keep-dir;tmp;-gencode=arch=compute_60,code=sm_60;-gencode=arch=compute_61,code=sm_61;-gencode=arch=compute_62,code=sm_62;-gencode=arch=compute_70,code=sm_70;-gencode=arch=compute_72,code=sm_72;-gencode=arch=compute_75,code=sm_75;-gencode=arch=compute_86,code=sm_86 -v

The output was:
1
nvcc fatal   : Unsupported gpu architecture 'compute_86'


